

Started GET "/" for ::1 at 2015-08-08 13:33:27 -0500

Mysql2::Error (Access denied for user 'root'@'localhost' (using password: NO)):
  mysql2 (0.3.19) lib/mysql2/client.rb:70:in `connect'
  mysql2 (0.3.19) lib/mysql2/client.rb:70:in `initialize'
  activerecord (4.2.1) lib/active_record/connection_adapters/mysql2_adapter.rb:18:in `new'
  activerecord (4.2.1) lib/active_record/connection_adapters/mysql2_adapter.rb:18:in `mysql2_connection'
  activerecord (4.2.1) lib/active_record/connection_adapters/abstract/connection_pool.rb:438:in `new_connection'
  activerecord (4.2.1) lib/active_record/connection_adapters/abstract/connection_pool.rb:448:in `checkout_new_connection'
  activerecord (4.2.1) lib/active_record/connection_adapters/abstract/connection_pool.rb:422:in `acquire_connection'
  activerecord (4.2.1) lib/active_record/connection_adapters/abstract/connection_pool.rb:349:in `block in checkout'
  /usr/local/rvm/rubies/ruby-2.0.0-p598/lib/ruby/2.0.0/monitor.rb:211:in `mon_synchronize'
  activerecord (4.2.1) lib/active_record/connection_adapters/abstract/connection_pool.rb:348:in `checkout'
  activerecord (4.2.1) lib/active_record/connection_adapters/abstract/connection_pool.rb:263:in `block in connection'
  /usr/local/rvm/rubies/ruby-2.0.0-p598/lib/ruby/2.0.0/monitor.rb:211:in `mon_synchronize'
  activerecord (4.2.1) lib/active_record/connection_adapters/abstract/connection_pool.rb:262:in `connection'
  activerecord (4.2.1) lib/active_record/connection_adapters/abstract/connection_pool.rb:567:in `retrieve_connection'
  activerecord (4.2.1) lib/active_record/connection_handling.rb:113:in `retrieve_connection'
  activerecord (4.2.1) lib/active_record/connection_handling.rb:87:in `connection'
  activerecord (4.2.1) lib/active_record/migration.rb:384:in `connection'
  activerecord (4.2.1) lib/active_record/migration.rb:371:in `call'
  actionpack (4.2.1) lib/action_dispatch/middleware/callbacks.rb:29:in `block in call'
  activesupport (4.2.1) lib/active_support/callbacks.rb:88:in `call'
  activesupport (4.2.1) lib/active_support/callbacks.rb:88:in `_run_callbacks'
  activesupport (4.2.1) lib/active_support/callbacks.rb:776:in `_run_call_callbacks'
  activesupport (4.2.1) lib/active_support/callbacks.rb:81:in `run_callbacks'
  actionpack (4.2.1) lib/action_dispatch/middleware/callbacks.rb:27:in `call'
  actionpack (4.2.1) lib/action_dispatch/middleware/reloader.rb:73:in `call'
  actionpack (4.2.1) lib/action_dispatch/middleware/remote_ip.rb:78:in `call'
  actionpack (4.2.1) lib/action_dispatch/middleware/debug_exceptions.rb:17:in `call'
  web-console (2.2.1) lib/web_console/middleware.rb:39:in `call'
  actionpack (4.2.1) lib/action_dispatch/middleware/show_exceptions.rb:30:in `call'
  railties (4.2.1) lib/rails/rack/logger.rb:38:in `call_app'
  railties (4.2.1) lib/rails/rack/logger.rb:20:in `block in call'
  activesupport (4.2.1) lib/active_support/tagged_logging.rb:68:in `block in tagged'
  activesupport (4.2.1) lib/active_support/tagged_logging.rb:26:in `tagged'
  activesupport (4.2.1) lib/active_support/tagged_logging.rb:68:in `tagged'
  railties (4.2.1) lib/rails/rack/logger.rb:20:in `call'
  actionpack (4.2.1) lib/action_dispatch/middleware/request_id.rb:21:in `call'
  rack (1.6.4) lib/rack/methodoverride.rb:22:in `call'
  rack (1.6.4) lib/rack/runtime.rb:18:in `call'
  activesupport (4.2.1) lib/active_support/cache/strategy/local_cache_middleware.rb:28:in `call'
  rack (1.6.4) lib/rack/lock.rb:17:in `call'
  actionpack (4.2.1) lib/action_dispatch/middleware/static.rb:113:in `call'
  rack (1.6.4) lib/rack/sendfile.rb:113:in `call'
  railties (4.2.1) lib/rails/engine.rb:518:in `call'
  railties (4.2.1) lib/rails/application.rb:164:in `call'
  rack (1.6.4) lib/rack/lock.rb:17:in `call'
  rack (1.6.4) lib/rack/content_length.rb:15:in `call'
  rack (1.6.4) lib/rack/handler/webrick.rb:88:in `service'
  /usr/local/rvm/rubies/ruby-2.0.0-p598/lib/ruby/2.0.0/webrick/httpserver.rb:138:in `service'
  /usr/local/rvm/rubies/ruby-2.0.0-p598/lib/ruby/2.0.0/webrick/httpserver.rb:94:in `run'
  /usr/local/rvm/rubies/ruby-2.0.0-p598/lib/ruby/2.0.0/webrick/server.rb:295:in `block in start_thread'


  Rendered /usr/local/rvm/gems/ruby-2.0.0-p598/gems/actionpack-4.2.1/lib/action_dispatch/middleware/templates/rescues/_source.erb (3.5ms)
  Rendered /usr/local/rvm/gems/ruby-2.0.0-p598/gems/actionpack-4.2.1/lib/action_dispatch/middleware/templates/rescues/_trace.html.erb (1.7ms)
  Rendered /usr/local/rvm/gems/ruby-2.0.0-p598/gems/actionpack-4.2.1/lib/action_dispatch/middleware/templates/rescues/_request_and_response.html.erb (0.9ms)
  Rendered /usr/local/rvm/gems/ruby-2.0.0-p598/gems/actionpack-4.2.1/lib/action_dispatch/middleware/templates/rescues/diagnostics.html.erb within rescues/layout (38.1ms)
  Rendered /usr/local/rvm/gems/ruby-2.0.0-p598/gems/web-console-2.2.1/lib/web_console/templates/_markup.html.erb (0.4ms)
  Rendered /usr/local/rvm/gems/ruby-2.0.0-p598/gems/web-console-2.2.1/lib/web_console/templates/_inner_console_markup.html.erb within layouts/inlined_string (0.4ms)
  Rendered /usr/local/rvm/gems/ruby-2.0.0-p598/gems/web-console-2.2.1/lib/web_console/templates/_prompt_box_markup.html.erb within layouts/inlined_string (0.3ms)
  Rendered /usr/local/rvm/gems/ruby-2.0.0-p598/gems/web-console-2.2.1/lib/web_console/templates/style.css.erb within layouts/inlined_string (0.4ms)
  Rendered /usr/local/rvm/gems/ruby-2.0.0-p598/gems/web-console-2.2.1/lib/web_console/templates/console.js.erb within layouts/javascript (15.7ms)
  Rendered /usr/local/rvm/gems/ruby-2.0.0-p598/gems/web-console-2.2.1/lib/web_console/templates/main.js.erb within layouts/javascript (0.3ms)
  Rendered /usr/local/rvm/gems/ruby-2.0.0-p598/gems/web-console-2.2.1/lib/web_console/templates/error_page.js.erb within layouts/javascript (0.3ms)
  Rendered /usr/local/rvm/gems/ruby-2.0.0-p598/gems/web-console-2.2.1/lib/web_console/templates/index.html.erb (42.7ms)


Started GET "/" for ::1 at 2015-08-08 17:24:45 -0500
Processing by Rails::WelcomeController#index as HTML
  Rendered /usr/local/rvm/gems/ruby-2.0.0-p598/gems/railties-4.2.1/lib/rails/templates/rails/welcome/index.html.erb (10.6ms)
Completed 200 OK in 80ms (Views: 63.1ms | ActiveRecord: 0.0ms)


Started GET "/" for ::1 at 2015-08-09 01:32:03 -0500
Processing by DefaultController#index as HTML
  Rendered default/index.html.erb within layouts/securiTI (8.6ms)
Completed 500 Internal Server Error in 326ms (ActiveRecord: 0.0ms)

ActionView::Template::Error (couldn't find file 'uikit' with type 'text/css'):
    2: <html>
    3: <head>
    4:   <title>Pag</title>
    5:   <%= stylesheet_link_tag    'application', media: 'all', 'data-turbolinks-track' => true %>
    6:   <%= javascript_include_tag 'application', 'data-turbolinks-track' => true %>
    7:   <%= csrf_meta_tags %>
    8: </head>
  app/assets/stylesheets/application.css:15
  app/views/layouts/securiTI.html.erb:5:in `_app_views_layouts_securi___html_erb___1939401323947914659_35128660'


  Rendered /usr/local/rvm/gems/ruby-2.0.0-p598/gems/actionpack-4.2.1/lib/action_dispatch/middleware/templates/rescues/_source.erb (9.4ms)
  Rendered /usr/local/rvm/gems/ruby-2.0.0-p598/gems/actionpack-4.2.1/lib/action_dispatch/middleware/templates/rescues/_trace.html.erb (3.1ms)
  Rendered /usr/local/rvm/gems/ruby-2.0.0-p598/gems/actionpack-4.2.1/lib/action_dispatch/middleware/templates/rescues/_request_and_response.html.erb (1.5ms)
  Rendered /usr/local/rvm/gems/ruby-2.0.0-p598/gems/actionpack-4.2.1/lib/action_dispatch/middleware/templates/rescues/template_error.html.erb within rescues/layout (29.6ms)
  Rendered /usr/local/rvm/gems/ruby-2.0.0-p598/gems/web-console-2.2.1/lib/web_console/templates/_markup.html.erb (0.4ms)
  Rendered /usr/local/rvm/gems/ruby-2.0.0-p598/gems/web-console-2.2.1/lib/web_console/templates/_inner_console_markup.html.erb within layouts/inlined_string (0.3ms)
  Rendered /usr/local/rvm/gems/ruby-2.0.0-p598/gems/web-console-2.2.1/lib/web_console/templates/_prompt_box_markup.html.erb within layouts/inlined_string (0.3ms)
  Rendered /usr/local/rvm/gems/ruby-2.0.0-p598/gems/web-console-2.2.1/lib/web_console/templates/style.css.erb within layouts/inlined_string (0.3ms)
  Rendered /usr/local/rvm/gems/ruby-2.0.0-p598/gems/web-console-2.2.1/lib/web_console/templates/console.js.erb within layouts/javascript (15.7ms)
  Rendered /usr/local/rvm/gems/ruby-2.0.0-p598/gems/web-console-2.2.1/lib/web_console/templates/main.js.erb within layouts/javascript (0.4ms)
  Rendered /usr/local/rvm/gems/ruby-2.0.0-p598/gems/web-console-2.2.1/lib/web_console/templates/error_page.js.erb within layouts/javascript (0.7ms)
  Rendered /usr/local/rvm/gems/ruby-2.0.0-p598/gems/web-console-2.2.1/lib/web_console/templates/index.html.erb (115.4ms)


Started GET "/" for ::1 at 2015-08-09 01:43:32 -0500
Processing by DefaultController#index as HTML
  Rendered default/index.html.erb within layouts/securiTI (2.0ms)
Completed 500 Internal Server Error in 223ms (ActiveRecord: 0.0ms)

ActionView::Template::Error (couldn't find file 'uikit' with type 'text/css'):
    2: <html>
    3: <head>
    4:   <title>Pag</title>
    5:   <%= stylesheet_link_tag    'application', media: 'all', 'data-turbolinks-track' => true %>
    6:   <%= javascript_include_tag 'application', 'data-turbolinks-track' => true %>
    7:   <%= csrf_meta_tags %>
    8: </head>
  app/assets/stylesheets/application.css:16
  app/views/layouts/securiTI.html.erb:5:in `_app_views_layouts_securi___html_erb___3338493901518892225_21775180'


  Rendered /usr/local/rvm/gems/ruby-2.0.0-p598/gems/actionpack-4.2.1/lib/action_dispatch/middleware/templates/rescues/_source.erb (9.4ms)
  Rendered /usr/local/rvm/gems/ruby-2.0.0-p598/gems/actionpack-4.2.1/lib/action_dispatch/middleware/templates/rescues/_trace.html.erb (3.0ms)
  Rendered /usr/local/rvm/gems/ruby-2.0.0-p598/gems/actionpack-4.2.1/lib/action_dispatch/middleware/templates/rescues/_request_and_response.html.erb (0.9ms)
  Rendered /usr/local/rvm/gems/ruby-2.0.0-p598/gems/actionpack-4.2.1/lib/action_dispatch/middleware/templates/rescues/template_error.html.erb within rescues/layout (24.1ms)
  Rendered /usr/local/rvm/gems/ruby-2.0.0-p598/gems/web-console-2.2.1/lib/web_console/templates/_markup.html.erb (0.4ms)
  Rendered /usr/local/rvm/gems/ruby-2.0.0-p598/gems/web-console-2.2.1/lib/web_console/templates/_inner_console_markup.html.erb within layouts/inlined_string (0.6ms)
  Rendered /usr/local/rvm/gems/ruby-2.0.0-p598/gems/web-console-2.2.1/lib/web_console/templates/_prompt_box_markup.html.erb within layouts/inlined_string (0.4ms)
  Rendered /usr/local/rvm/gems/ruby-2.0.0-p598/gems/web-console-2.2.1/lib/web_console/templates/style.css.erb within layouts/inlined_string (0.3ms)
  Rendered /usr/local/rvm/gems/ruby-2.0.0-p598/gems/web-console-2.2.1/lib/web_console/templates/console.js.erb within layouts/javascript (14.3ms)
  Rendered /usr/local/rvm/gems/ruby-2.0.0-p598/gems/web-console-2.2.1/lib/web_console/templates/main.js.erb within layouts/javascript (0.2ms)
  Rendered /usr/local/rvm/gems/ruby-2.0.0-p598/gems/web-console-2.2.1/lib/web_console/templates/error_page.js.erb within layouts/javascript (50.6ms)
  Rendered /usr/local/rvm/gems/ruby-2.0.0-p598/gems/web-console-2.2.1/lib/web_console/templates/index.html.erb (80.9ms)


Started GET "/" for ::1 at 2015-08-09 01:45:12 -0500
Processing by DefaultController#index as HTML
  Rendered default/index.html.erb within layouts/securiTI (0.1ms)
Completed 500 Internal Server Error in 26ms (ActiveRecord: 0.0ms)

ActionView::Template::Error (couldn't find file 'uikithai' with type 'text/css'):
    2: <html>
    3: <head>
    4:   <title>Pag</title>
    5:   <%= stylesheet_link_tag    'application', media: 'all', 'data-turbolinks-track' => true %>
    6:   <%= javascript_include_tag 'application', 'data-turbolinks-track' => true %>
    7:   <%= csrf_meta_tags %>
    8: </head>
  app/assets/stylesheets/application.css:15
  app/views/layouts/securiTI.html.erb:5:in `_app_views_layouts_securi___html_erb___3338493901518892225_21775180'


  Rendered /usr/local/rvm/gems/ruby-2.0.0-p598/gems/actionpack-4.2.1/lib/action_dispatch/middleware/templates/rescues/_source.erb (9.0ms)
  Rendered /usr/local/rvm/gems/ruby-2.0.0-p598/gems/actionpack-4.2.1/lib/action_dispatch/middleware/templates/rescues/_trace.html.erb (3.0ms)
  Rendered /usr/local/rvm/gems/ruby-2.0.0-p598/gems/actionpack-4.2.1/lib/action_dispatch/middleware/templates/rescues/_request_and_response.html.erb (0.8ms)
  Rendered /usr/local/rvm/gems/ruby-2.0.0-p598/gems/actionpack-4.2.1/lib/action_dispatch/middleware/templates/rescues/template_error.html.erb within rescues/layout (22.2ms)
  Rendered /usr/local/rvm/gems/ruby-2.0.0-p598/gems/web-console-2.2.1/lib/web_console/templates/_markup.html.erb (0.4ms)
  Rendered /usr/local/rvm/gems/ruby-2.0.0-p598/gems/web-console-2.2.1/lib/web_console/templates/_inner_console_markup.html.erb within layouts/inlined_string (0.3ms)
  Rendered /usr/local/rvm/gems/ruby-2.0.0-p598/gems/web-console-2.2.1/lib/web_console/templates/_prompt_box_markup.html.erb within layouts/inlined_string (0.2ms)
  Rendered /usr/local/rvm/gems/ruby-2.0.0-p598/gems/web-console-2.2.1/lib/web_console/templates/style.css.erb within layouts/inlined_string (0.4ms)
  Rendered /usr/local/rvm/gems/ruby-2.0.0-p598/gems/web-console-2.2.1/lib/web_console/templates/console.js.erb within layouts/javascript (12.3ms)
  Rendered /usr/local/rvm/gems/ruby-2.0.0-p598/gems/web-console-2.2.1/lib/web_console/templates/main.js.erb within layouts/javascript (0.3ms)
  Rendered /usr/local/rvm/gems/ruby-2.0.0-p598/gems/web-console-2.2.1/lib/web_console/templates/error_page.js.erb within layouts/javascript (0.3ms)
  Rendered /usr/local/rvm/gems/ruby-2.0.0-p598/gems/web-console-2.2.1/lib/web_console/templates/index.html.erb (25.1ms)


Started GET "/" for ::1 at 2015-08-09 01:45:58 -0500
Processing by DefaultController#index as HTML
  Rendered default/index.html.erb within layouts/securiTI (1.9ms)
Completed 500 Internal Server Error in 197ms (ActiveRecord: 0.0ms)

ActionView::Template::Error (couldn't find file 'uikithai' with type 'text/css'):
    2: <html>
    3: <head>
    4:   <title>Pag</title>
    5:   <%= stylesheet_link_tag    'application', media: 'all', 'data-turbolinks-track' => true %>
    6:   <%= javascript_include_tag 'application', 'data-turbolinks-track' => true %>
    7:   <%= csrf_meta_tags %>
    8: </head>
  app/assets/stylesheets/application.css:15
  app/views/layouts/securiTI.html.erb:5:in `_app_views_layouts_securi___html_erb__3872612956435425304_28295300'


  Rendered /usr/local/rvm/gems/ruby-2.0.0-p598/gems/actionpack-4.2.1/lib/action_dispatch/middleware/templates/rescues/_source.erb (8.9ms)
  Rendered /usr/local/rvm/gems/ruby-2.0.0-p598/gems/actionpack-4.2.1/lib/action_dispatch/middleware/templates/rescues/_trace.html.erb (3.1ms)
  Rendered /usr/local/rvm/gems/ruby-2.0.0-p598/gems/actionpack-4.2.1/lib/action_dispatch/middleware/templates/rescues/_request_and_response.html.erb (0.9ms)
  Rendered /usr/local/rvm/gems/ruby-2.0.0-p598/gems/actionpack-4.2.1/lib/action_dispatch/middleware/templates/rescues/template_error.html.erb within rescues/layout (22.7ms)
  Rendered /usr/local/rvm/gems/ruby-2.0.0-p598/gems/web-console-2.2.1/lib/web_console/templates/_markup.html.erb (0.4ms)
  Rendered /usr/local/rvm/gems/ruby-2.0.0-p598/gems/web-console-2.2.1/lib/web_console/templates/_inner_console_markup.html.erb within layouts/inlined_string (0.3ms)
  Rendered /usr/local/rvm/gems/ruby-2.0.0-p598/gems/web-console-2.2.1/lib/web_console/templates/_prompt_box_markup.html.erb within layouts/inlined_string (0.3ms)
  Rendered /usr/local/rvm/gems/ruby-2.0.0-p598/gems/web-console-2.2.1/lib/web_console/templates/style.css.erb within layouts/inlined_string (0.3ms)
  Rendered /usr/local/rvm/gems/ruby-2.0.0-p598/gems/web-console-2.2.1/lib/web_console/templates/console.js.erb within layouts/javascript (60.7ms)
  Rendered /usr/local/rvm/gems/ruby-2.0.0-p598/gems/web-console-2.2.1/lib/web_console/templates/main.js.erb within layouts/javascript (0.3ms)
  Rendered /usr/local/rvm/gems/ruby-2.0.0-p598/gems/web-console-2.2.1/lib/web_console/templates/error_page.js.erb within layouts/javascript (0.4ms)
  Rendered /usr/local/rvm/gems/ruby-2.0.0-p598/gems/web-console-2.2.1/lib/web_console/templates/index.html.erb (76.5ms)


Started GET "/" for ::1 at 2015-08-09 01:46:27 -0500
Processing by DefaultController#index as HTML
  Rendered default/index.html.erb within layouts/securiTI (0.1ms)
Completed 500 Internal Server Error in 17ms (ActiveRecord: 0.0ms)

ActionView::Template::Error (couldn't find file 'uikithai' with type 'text/css'):
    2: <html>
    3: <head>
    4:   <title>Pag</title>
    5:   <%= stylesheet_link_tag    'application', media: 'all', 'data-turbolinks-track' => true %>
    6:   <%= javascript_include_tag 'application', 'data-turbolinks-track' => true %>
    7:   <%= csrf_meta_tags %>
    8: </head>
  app/assets/stylesheets/application.css:15
  app/views/layouts/securiTI.html.erb:5:in `_app_views_layouts_securi___html_erb__3872612956435425304_28295300'


  Rendered /usr/local/rvm/gems/ruby-2.0.0-p598/gems/actionpack-4.2.1/lib/action_dispatch/middleware/templates/rescues/_source.erb (9.0ms)
  Rendered /usr/local/rvm/gems/ruby-2.0.0-p598/gems/actionpack-4.2.1/lib/action_dispatch/middleware/templates/rescues/_trace.html.erb (3.1ms)
  Rendered /usr/local/rvm/gems/ruby-2.0.0-p598/gems/actionpack-4.2.1/lib/action_dispatch/middleware/templates/rescues/_request_and_response.html.erb (0.8ms)
  Rendered /usr/local/rvm/gems/ruby-2.0.0-p598/gems/actionpack-4.2.1/lib/action_dispatch/middleware/templates/rescues/template_error.html.erb within rescues/layout (22.2ms)
  Rendered /usr/local/rvm/gems/ruby-2.0.0-p598/gems/web-console-2.2.1/lib/web_console/templates/_markup.html.erb (0.3ms)
  Rendered /usr/local/rvm/gems/ruby-2.0.0-p598/gems/web-console-2.2.1/lib/web_console/templates/_inner_console_markup.html.erb within layouts/inlined_string (0.4ms)
  Rendered /usr/local/rvm/gems/ruby-2.0.0-p598/gems/web-console-2.2.1/lib/web_console/templates/_prompt_box_markup.html.erb within layouts/inlined_string (0.4ms)
  Rendered /usr/local/rvm/gems/ruby-2.0.0-p598/gems/web-console-2.2.1/lib/web_console/templates/style.css.erb within layouts/inlined_string (0.6ms)
  Rendered /usr/local/rvm/gems/ruby-2.0.0-p598/gems/web-console-2.2.1/lib/web_console/templates/console.js.erb within layouts/javascript (13.9ms)
  Rendered /usr/local/rvm/gems/ruby-2.0.0-p598/gems/web-console-2.2.1/lib/web_console/templates/main.js.erb within layouts/javascript (0.3ms)
  Rendered /usr/local/rvm/gems/ruby-2.0.0-p598/gems/web-console-2.2.1/lib/web_console/templates/error_page.js.erb within layouts/javascript (0.3ms)
  Rendered /usr/local/rvm/gems/ruby-2.0.0-p598/gems/web-console-2.2.1/lib/web_console/templates/index.html.erb (27.7ms)
